[debug] [2023-10-05T08:26:18.869Z] ----------------------------------------------------------------------
[debug] [2023-10-05T08:26:18.870Z] Command:       /usr/local/bin/firebase /Users/gui_dev_18/.cache/firebase/tools/lib/node_modules/firebase-tools/lib/bin/firebase deploy
[debug] [2023-10-05T08:26:18.871Z] CLI Version:   12.6.1
[debug] [2023-10-05T08:26:18.871Z] Platform:      darwin
[debug] [2023-10-05T08:26:18.871Z] Node Version:  v16.16.0
[debug] [2023-10-05T08:26:18.872Z] Time:          Thu Oct 05 2023 11:26:18 GMT+0300 (GMT+03:00)
[debug] [2023-10-05T08:26:18.872Z] ----------------------------------------------------------------------
[debug] 
[debug] [2023-10-05T08:26:18.920Z] > command requires scopes: ["email","openid","https://www.googleapis.com/auth/cloudplatformprojects.readonly","https://www.googleapis.com/auth/firebase","https://www.googleapis.com/auth/cloud-platform"]
[debug] [2023-10-05T08:26:18.921Z] > authorizing via signed-in user (ertugrulaktepe71@gmail.com)
[debug] [2023-10-05T08:26:18.921Z] [iam] checking project ssr-example27546605 for permissions ["cloudfunctions.functions.create","cloudfunctions.functions.delete","cloudfunctions.functions.get","cloudfunctions.functions.list","cloudfunctions.functions.update","cloudfunctions.operations.get","firebase.projects.get","firebasehosting.sites.update"]
[debug] [2023-10-05T08:26:18.922Z] >>> [apiv2][query] POST https://cloudresourcemanager.googleapis.com/v1/projects/ssr-example27546605:testIamPermissions [none]
[debug] [2023-10-05T08:26:18.923Z] >>> [apiv2][(partial)header] POST https://cloudresourcemanager.googleapis.com/v1/projects/ssr-example27546605:testIamPermissions x-goog-quota-user=projects/ssr-example27546605
[debug] [2023-10-05T08:26:18.923Z] >>> [apiv2][body] POST https://cloudresourcemanager.googleapis.com/v1/projects/ssr-example27546605:testIamPermissions {"permissions":["cloudfunctions.functions.create","cloudfunctions.functions.delete","cloudfunctions.functions.get","cloudfunctions.functions.list","cloudfunctions.functions.update","cloudfunctions.operations.get","firebase.projects.get","firebasehosting.sites.update"]}
[debug] [2023-10-05T08:26:19.840Z] <<< [apiv2][status] POST https://cloudresourcemanager.googleapis.com/v1/projects/ssr-example27546605:testIamPermissions 200
[debug] [2023-10-05T08:26:19.840Z] <<< [apiv2][body] POST https://cloudresourcemanager.googleapis.com/v1/projects/ssr-example27546605:testIamPermissions {"permissions":["cloudfunctions.functions.create","cloudfunctions.functions.delete","cloudfunctions.functions.get","cloudfunctions.functions.list","cloudfunctions.functions.update","cloudfunctions.operations.get","firebase.projects.get","firebasehosting.sites.update"]}
[debug] [2023-10-05T08:26:19.840Z] >>> [apiv2][query] POST https://iam.googleapis.com/v1/projects/ssr-example27546605/serviceAccounts/ssr-example27546605@appspot.gserviceaccount.com:testIamPermissions [none]
[debug] [2023-10-05T08:26:19.841Z] >>> [apiv2][body] POST https://iam.googleapis.com/v1/projects/ssr-example27546605/serviceAccounts/ssr-example27546605@appspot.gserviceaccount.com:testIamPermissions {"permissions":["iam.serviceAccounts.actAs"]}
[debug] [2023-10-05T08:26:20.722Z] <<< [apiv2][status] POST https://iam.googleapis.com/v1/projects/ssr-example27546605/serviceAccounts/ssr-example27546605@appspot.gserviceaccount.com:testIamPermissions 200
[debug] [2023-10-05T08:26:20.722Z] <<< [apiv2][body] POST https://iam.googleapis.com/v1/projects/ssr-example27546605/serviceAccounts/ssr-example27546605@appspot.gserviceaccount.com:testIamPermissions {"permissions":["iam.serviceAccounts.actAs"]}
[debug] [2023-10-05T08:26:20.723Z] >>> [apiv2][query] GET https://firebase.googleapis.com/v1beta1/projects/ssr-example27546605 [none]
[debug] [2023-10-05T08:26:21.041Z] <<< [apiv2][status] GET https://firebase.googleapis.com/v1beta1/projects/ssr-example27546605 200
[debug] [2023-10-05T08:26:21.041Z] <<< [apiv2][body] GET https://firebase.googleapis.com/v1beta1/projects/ssr-example27546605 {"projectId":"ssr-example27546605","projectNumber":"374234924253","displayName":"ssr-example27546605","name":"projects/ssr-example27546605","resources":{"hostingSite":"ssr-example27546605"},"state":"ACTIVE","etag":"1_da0e0ac8-5901-4622-a34f-630e06c0347b"}
[debug] [2023-10-05T08:26:22.533Z] defaultcredentials: writing to file /Users/gui_dev_18/.config/firebase/ertugrulaktepe71_gmail_com_application_default_credentials.json
[info] 
   Thank you for trying our early preview of Next.js support on Firebase Hosting.
   During the preview, support is best-effort and breaking changes can be expected. Proceed with caution.

   Documentation: https://firebase.google.com/docs/hosting/frameworks/nextjs
   File a bug: https://github.com/firebase/firebase-tools/issues/new?template=bug_report.md
   Submit a feature request: https://github.com/firebase/firebase-tools/issues/new?template=feature_request.md

   We'd love to learn from you. Express your interest in helping us shape the future of Firebase Hosting: https://goo.gle/41enW5X

[info]    Linting and checking validity of types ...

[info]    Creating an optimized production build ...

[info]  ✓ Compiled successfully

[info]    Collecting page data ...

[info]    Generating static pages (0/3) ...

[info]  ✓ Generating static pages (3/3) 

[info]    Finalizing page optimization ...

[info] 

[info] Route (pages)                              Size     First Load JS
┌ ○ /                                      4.8 kB         82.6 kB
├   └ css/51d154659b5c9fda.css             708 B
├   /_app                                  0 B            77.8 kB
├ ○ /404                                   181 B            78 kB
├ λ /api/hello                             0 B            77.8 kB
└ λ /home                                  329 B          78.1 kB
+ First Load JS shared by all              78 kB
  ├ chunks/framework-66d32731bdd20e83.js   45.2 kB
  ├ chunks/main-1cc0b48a80e0d291.js        31.5 kB
  ├ chunks/pages/_app-2f6a9045e4974c74.js  286 B
  ├ chunks/webpack-f73d82589f972e7d.js     743 B
  └ css/ab44ce7add5c3d11.css               247 B

[info] 
λ  (Server)  server-side renders at runtime (uses getInitialProps or getServerSideProps)
○  (Static)  automatically rendered as static HTML (uses no initial props)


[info] Building a Cloud Function to run this application. This is needed due to:
[info]  • non-static route /api/hello
[info]  • non-static route /home
[info] 
[debug] [2023-10-05T08:26:44.986Z] Error: Command failed: npm i --omit dev --no-audit
    at checkExecSyncError (node:child_process:828:11)
    at Object.execSync (node:child_process:899:15)
    at execSync (pkg/prelude/bootstrap.js:2111:30)
    at prepareFrameworks (/Users/gui_dev_18/.cache/firebase/tools/lib/node_modules/firebase-tools/lib/frameworks/index.js:367:42)
    at async deploy (/Users/gui_dev_18/.cache/firebase/tools/lib/node_modules/firebase-tools/lib/deploy/index.js:55:13)
[error] 
[error] Error: An unexpected error has occurred.
